<?xml version="1.0" encoding="UTF-8"?>
<!-- Generated by org.testng.reporters.JUnitXMLReporter -->
<testsuite ignored="7" hostname="COOLLAPTOP" failures="0" tests="1" name="Default test" time="42.419" errors="0" timestamp="2024-11-17T22:14:19 EST">
  <testcase classname="Tests.TestCases" name="Verify_HybridApp_9" time="42.391"/>
  <testcase classname="Tests.TestCases" name="Launch_App_1" time="0.0">
    <ignored/>
  </testcase> <!-- Launch_App_1 -->
  <testcase classname="Tests.TestCases" name="Verify_launch_page_Negative_3" time="0.0">
    <ignored/>
  </testcase> <!-- Verify_launch_page_Negative_3 -->
  <testcase classname="Tests.TestCases" name="Verify_launch_page_Positive_4" time="0.0">
    <ignored/>
  </testcase> <!-- Verify_launch_page_Positive_4 -->
  <testcase classname="Tests.TestCases" name="Verify_Products_page_Add_to_cart_one_product_5" time="0.0">
    <ignored/>
  </testcase> <!-- Verify_Products_page_Add_to_cart_one_product_5 -->
  <testcase classname="Tests.TestCases" name="Verify_Cart_page_Terms_and_notifications_checkBox_8" time="0.0">
    <ignored/>
  </testcase> <!-- Verify_Cart_page_Terms_and_notifications_checkBox_8 -->
  <testcase classname="Tests.TestCases" name="Verify_Products_page_Add_to_cart_two_products_7" time="0.0">
    <ignored/>
  </testcase> <!-- Verify_Products_page_Add_to_cart_two_products_7 -->
  <testcase classname="Tests.TestCases" name="Verify_Cart_page_Product_Price_6" time="0.0">
    <ignored/>
  </testcase> <!-- Verify_Cart_page_Product_Price_6 -->
</testsuite> <!-- Default test -->
