<?xml version="1.0" encoding="UTF-8"?>
<testng-results ignored="0" total="1" passed="1" failed="0" skipped="0">
  <reporter-output>
  </reporter-output>
  <suite started-at="2024-11-18T21:39:50 EST" name="Default suite" finished-at="2024-11-18T21:41:21 EST" duration-ms="91390">
    <groups>
    </groups>
    <test started-at="2024-11-18T21:39:50 EST" name="Default test" finished-at="2024-11-18T21:41:21 EST" duration-ms="91390">
      <class name="Tests.TestCases">
        <test-method is-config="true" signature="startServer()[pri:0, instance:Tests.TestCases@752325ad]" started-at="2024-11-18T21:39:50 EST" name="startServer" finished-at="2024-11-18T21:39:50 EST" duration-ms="75" status="PASS">
          <reporter-output>
          </reporter-output>
        </test-method> <!-- startServer -->
        <test-method signature="Verify_Cart_page_Terms_and_notifications_checkBox_8()[pri:0, instance:Tests.TestCases@752325ad]" started-at="2024-11-18T21:39:50 EST" name="Verify_Cart_page_Terms_and_notifications_checkBox_8" finished-at="2024-11-18T21:41:21 EST" duration-ms="91355" status="PASS">
          <reporter-output>
          </reporter-output>
        </test-method> <!-- Verify_Cart_page_Terms_and_notifications_checkBox_8 -->
        <test-method is-config="true" signature="closeServer()[pri:0, instance:Tests.TestCases@752325ad]" started-at="2024-11-18T21:41:22 EST" name="closeServer" finished-at="2024-11-18T21:41:22 EST" duration-ms="59" status="PASS">
          <reporter-output>
          </reporter-output>
        </test-method> <!-- closeServer -->
      </class> <!-- Tests.TestCases -->
    </test> <!-- Default test -->
  </suite> <!-- Default suite -->
</testng-results>
