<?xml version="1.0" encoding="UTF-8"?>
<testng-results ignored="0" total="1" passed="1" failed="0" skipped="0">
  <reporter-output>
  </reporter-output>
  <suite started-at="2024-11-17T22:13:37 EST" name="Default suite" finished-at="2024-11-17T22:14:19 EST" duration-ms="42419">
    <groups>
    </groups>
    <test started-at="2024-11-17T22:13:37 EST" name="Default test" finished-at="2024-11-17T22:14:19 EST" duration-ms="42419">
      <class name="Tests.TestCases">
        <test-method is-config="true" signature="startServer()[pri:0, instance:Tests.TestCases@41a2befb]" started-at="2024-11-17T22:13:37 EST" name="startServer" finished-at="2024-11-17T22:13:37 EST" duration-ms="72" status="PASS">
          <reporter-output>
          </reporter-output>
        </test-method> <!-- startServer -->
        <test-method signature="Verify_HybridApp_9()[pri:0, instance:Tests.TestCases@41a2befb]" started-at="2024-11-17T22:13:37 EST" name="Verify_HybridApp_9" finished-at="2024-11-17T22:14:19 EST" duration-ms="42391" status="PASS">
          <reporter-output>
          </reporter-output>
        </test-method> <!-- Verify_HybridApp_9 -->
        <test-method is-config="true" signature="closeServer()[pri:0, instance:Tests.TestCases@41a2befb]" started-at="2024-11-17T22:14:19 EST" name="closeServer" finished-at="2024-11-17T22:14:19 EST" duration-ms="57" status="PASS">
          <reporter-output>
          </reporter-output>
        </test-method> <!-- closeServer -->
      </class> <!-- Tests.TestCases -->
    </test> <!-- Default test -->
  </suite> <!-- Default suite -->
</testng-results>
